{
  "RSpec": {
    "coverage": {
      "/Users/Russell/Desktop/DPL/week4/day2/bucket_list/config/environment.rb": [
        null,
        1,
        null,
        null,
        1
      ],
      "/Users/Russell/Desktop/DPL/week4/day2/bucket_list/config/application.rb": [
        1,
        null,
        1,
        null,
        null,
        null,
        1,
        null,
        1,
        1,
        null,
        null,
        null,
        null,
        null,
        null,
        null,
        null,
        null,
        null,
        null,
        null,
        null,
        1,
        null,
        null
      ],
      "/Users/Russell/Desktop/DPL/week4/day2/bucket_list/config/boot.rb": [
        1,
        null,
        1
      ],
      "/Users/Russell/Desktop/DPL/week4/day2/bucket_list/config/environments/test.rb": [
        1,
        null,
        null,
        null,
        null,
        null,
        null,
        1,
        null,
        null,
        null,
        null,
        1,
        null,
        null,
        1,
        1,
        null,
        null,
        1,
        1,
        null,
        null,
        1,
        null,
        null,
        1,
        null,
        null,
        null,
        null,
        1,
        null,
        null,
        1,
        null,
        null,
        1,
        null,
        null,
        null,
        null
      ],
      "/Users/Russell/Desktop/DPL/week4/day2/bucket_list/config/initializers/assets.rb": [
        null,
        null,
        null,
        1,
        null,
        null,
        null,
        null,
        null,
        null,
        null
      ],
      "/Users/Russell/Desktop/DPL/week4/day2/bucket_list/config/initializers/backtrace_silencers.rb": [
        null,
        null,
        null,
        null,
        null,
        null,
        null
      ],
      "/Users/Russell/Desktop/DPL/week4/day2/bucket_list/config/initializers/cookies_serializer.rb": [
        null,
        null,
        1
      ],
      "/Users/Russell/Desktop/DPL/week4/day2/bucket_list/config/initializers/devise.rb": [
        null,
        null,
        1,
        null,
        null,
        null,
        null,
        null,
        null,
        null,
        null,
        null,
        1,
        null,
        null,
        null,
        null,
        null,
        null,
        null,
        null,
        1,
        null,
        null,
        null,
        null,
        null,
        null,
        null,
        null,
        null,
        null,
        null,
        null,
        null,
        null,
        null,
        null,
        null,
        null,
        null,
        null,
        null,
        1,
        null,
        null,
        null,
        null,
        1,
        null,
        null,
        null,
        null,
        null,
        null,
        null,
        null,
        null,
        null,
        null,
        null,
        null,
        null,
        null,
        null,
        null,
        null,
        null,
        null,
        null,
        null,
        null,
        null,
        null,
        null,
        null,
        null,
        null,
        null,
        1,
        null,
        null,
        null,
        null,
        null,
        null,
        null,
        null,
        null,
        null,
        null,
        null,
        null,
        null,
        null,
        null,
        1,
        null,
        null,
        null,
        null,
        null,
        null,
        null,
        null,
        null,
        null,
        null,
        null,
        null,
        null,
        null,
        null,
        null,
        null,
        null,
        null,
        null,
        null,
        null,
        null,
        1,
        null,
        null,
        null,
        null,
        null,
        null,
        null,
        null,
        null,
        1,
        null,
        null,
        null,
        null,
        null,
        null,
        null,
        null,
        null,
        null,
        1,
        null,
        null,
        null,
        null,
        null,
        null,
        null,
        null,
        null,
        null,
        null,
        null,
        null,
        null,
        null,
        null,
        null,
        null,
        null,
        null,
        null,
        null,
        null,
        null,
        null,
        null,
        null,
        null,
        null,
        null,
        null,
        null,
        null,
        null,
        null,
        null,
        null,
        null,
        null,
        null,
        null,
        null,
        null,
        null,
        null,
        null,
        null,
        null,
        1,
        null,
        null,
        null,
        null,
        null,
        null,
        null,
        null,
        null,
        null,
        null,
        null,
        null,
        null,
        null,
        null,
        null,
        null,
        null,
        null,
        null,
        null,
        null,
        null,
        null,
        null,
        null,
        null,
        null,
        null,
        null,
        null,
        null,
        null,
        null,
        null,
        null,
        1,
        null,
        null,
        null,
        null,
        null,
        null,
        null,
        null,
        null,
        null,
        null,
        null,
        null,
        null,
        null,
        null,
        null,
        null,
        null,
        null,
        null,
        null,
        null,
        null,
        null,
        null,
        null,
        null,
        null
      ],
      "/Users/Russell/Desktop/DPL/week4/day2/bucket_list/config/initializers/filter_parameter_logging.rb": [
        null,
        null,
        null,
        1
      ],
      "/Users/Russell/Desktop/DPL/week4/day2/bucket_list/config/initializers/inflections.rb": [
        null,
        null,
        null,
        null,
        null,
        null,
        null,
        null,
        null,
        null,
        null,
        null,
        null,
        null,
        null,
        null
      ],
      "/Users/Russell/Desktop/DPL/week4/day2/bucket_list/config/initializers/mime_types.rb": [
        null,
        null,
        null,
        null
      ],
      "/Users/Russell/Desktop/DPL/week4/day2/bucket_list/config/initializers/session_store.rb": [
        null,
        null,
        1
      ],
      "/Users/Russell/Desktop/DPL/week4/day2/bucket_list/config/initializers/wrap_parameters.rb": [
        null,
        null,
        null,
        null,
        null,
        null,
        1,
        1,
        null,
        null,
        null,
        null,
        null,
        null
      ],
      "/Users/Russell/Desktop/DPL/week4/day2/bucket_list/config/routes.rb": [
        1,
        1,
        null,
        1,
        1,
        null,
        null,
        1,
        null,
        null
      ],
      "/Users/Russell/Desktop/DPL/week4/day2/bucket_list/app/models/user.rb": [
        1,
        null,
        null,
        1,
        null,
        null
      ],
      "/Users/Russell/Desktop/DPL/week4/day2/bucket_list/app/helpers/application_helper.rb": [
        1,
        null
      ],
      "/Users/Russell/Desktop/DPL/week4/day2/bucket_list/app/helpers/b_lists_helper.rb": [
        1,
        null
      ],
      "/Users/Russell/Desktop/DPL/week4/day2/bucket_list/app/helpers/home_helper.rb": [
        1,
        null
      ],
      "/Users/Russell/Desktop/DPL/week4/day2/bucket_list/app/helpers/items_helper.rb": [
        1,
        null
      ],
      "/Users/Russell/Desktop/DPL/week4/day2/bucket_list/app/models/item.rb": [
        1,
        1,
        null
      ]
    },
    "timestamp": 1458681265
  }
}
